[2024-11-12T04:08:33.921+0000] {local_task_job_runner.py:120} INFO - ::group::Pre task execution logs
[2024-11-12T04:08:33.939+0000] {taskinstance.py:2076} INFO - Dependencies all met for dep_context=non-requeueable deps ti=<TaskInstance: BuildELT_dbt.dbt_run manual__2024-11-12T04:08:32.916018+00:00 [queued]>
[2024-11-12T04:08:33.943+0000] {taskinstance.py:2076} INFO - Dependencies all met for dep_context=requeueable deps ti=<TaskInstance: BuildELT_dbt.dbt_run manual__2024-11-12T04:08:32.916018+00:00 [queued]>
[2024-11-12T04:08:33.943+0000] {taskinstance.py:2306} INFO - Starting attempt 1 of 1
[2024-11-12T04:08:33.951+0000] {taskinstance.py:2330} INFO - Executing <Task(BashOperator): dbt_run> on 2024-11-12 04:08:32.916018+00:00
[2024-11-12T04:08:33.956+0000] {standard_task_runner.py:90} INFO - Running: ['***', 'tasks', 'run', 'BuildELT_dbt', 'dbt_run', 'manual__2024-11-12T04:08:32.916018+00:00', '--job-id', '233', '--raw', '--subdir', 'DAGS_FOLDER/build_elt_with_dbt.py', '--cfg-path', '/tmp/tmpt7f682e9']
[2024-11-12T04:08:33.958+0000] {standard_task_runner.py:91} INFO - Job 233: Subtask dbt_run
[2024-11-12T04:08:33.957+0000] {logging_mixin.py:188} WARNING - /home/***/.local/lib/python3.12/site-packages/***/task/task_runner/standard_task_runner.py:61 DeprecationWarning: This process (pid=470) is multi-threaded, use of fork() may lead to deadlocks in the child.
[2024-11-12T04:08:33.959+0000] {standard_task_runner.py:63} INFO - Started process 471 to run task
[2024-11-12T04:08:33.980+0000] {task_command.py:426} INFO - Running <TaskInstance: BuildELT_dbt.dbt_run manual__2024-11-12T04:08:32.916018+00:00 [running]> on host a8380877cd37
[2024-11-12T04:08:34.019+0000] {taskinstance.py:2648} INFO - Exporting env vars: AIRFLOW_CTX_DAG_OWNER='***' AIRFLOW_CTX_DAG_ID='BuildELT_dbt' AIRFLOW_CTX_TASK_ID='dbt_run' AIRFLOW_CTX_EXECUTION_DATE='2024-11-12T04:08:32.916018+00:00' AIRFLOW_CTX_TRY_NUMBER='1' AIRFLOW_CTX_DAG_RUN_ID='manual__2024-11-12T04:08:32.916018+00:00'
[2024-11-12T04:08:34.019+0000] {taskinstance.py:430} INFO - ::endgroup::
[2024-11-12T04:08:34.027+0000] {subprocess.py:63} INFO - Tmp dir root location: /tmp
[2024-11-12T04:08:34.027+0000] {subprocess.py:75} INFO - Running command: ['/usr/bin/bash', '-c', '/home/***/.local/bin/dbt run --profiles-dir /opt/***/lab --project-dir /opt/***/lab']
[2024-11-12T04:08:34.031+0000] {subprocess.py:86} INFO - Output:
[2024-11-12T04:08:34.992+0000] {subprocess.py:93} INFO - Usage: dbt run [OPTIONS]
[2024-11-12T04:08:34.992+0000] {subprocess.py:93} INFO - Try 'dbt run -h' for help.
[2024-11-12T04:08:34.993+0000] {subprocess.py:93} INFO - 
[2024-11-12T04:08:34.993+0000] {subprocess.py:93} INFO - Error: Invalid value for '--profiles-dir': Path '/opt/***/lab' does not exist.
[2024-11-12T04:08:35.075+0000] {subprocess.py:97} INFO - Command exited with return code 2
[2024-11-12T04:08:35.076+0000] {taskinstance.py:441} INFO - ::group::Post task execution logs
[2024-11-12T04:08:35.081+0000] {taskinstance.py:2905} ERROR - Task failed with exception
Traceback (most recent call last):
  File "/home/airflow/.local/lib/python3.12/site-packages/airflow/models/taskinstance.py", line 465, in _execute_task
    result = _execute_callable(context=context, **execute_callable_kwargs)
             ^^^^^^^^^^^^^^^^^^^^^^^^^^^^^^^^^^^^^^^^^^^^^^^^^^^^^^^^^^^^^
  File "/home/airflow/.local/lib/python3.12/site-packages/airflow/models/taskinstance.py", line 432, in _execute_callable
    return execute_callable(context=context, **execute_callable_kwargs)
           ^^^^^^^^^^^^^^^^^^^^^^^^^^^^^^^^^^^^^^^^^^^^^^^^^^^^^^^^^^^^
  File "/home/airflow/.local/lib/python3.12/site-packages/airflow/models/baseoperator.py", line 400, in wrapper
    return func(self, *args, **kwargs)
           ^^^^^^^^^^^^^^^^^^^^^^^^^^^
  File "/home/airflow/.local/lib/python3.12/site-packages/airflow/operators/bash.py", line 243, in execute
    raise AirflowException(
airflow.exceptions.AirflowException: Bash command failed. The command returned a non-zero exit code 2.
[2024-11-12T04:08:35.083+0000] {taskinstance.py:1206} INFO - Marking task as FAILED. dag_id=BuildELT_dbt, task_id=dbt_run, run_id=manual__2024-11-12T04:08:32.916018+00:00, execution_date=20241112T040832, start_date=20241112T040833, end_date=20241112T040835
[2024-11-12T04:08:35.090+0000] {standard_task_runner.py:110} ERROR - Failed to execute job 233 for task dbt_run (Bash command failed. The command returned a non-zero exit code 2.; 471)
[2024-11-12T04:08:35.095+0000] {local_task_job_runner.py:240} INFO - Task exited with return code 1
[2024-11-12T04:08:35.104+0000] {taskinstance.py:3498} INFO - 0 downstream tasks scheduled from follow-on schedule check
[2024-11-12T04:08:35.106+0000] {local_task_job_runner.py:222} INFO - ::endgroup::
