[2024-11-11T00:02:29.381+0000] {local_task_job_runner.py:120} INFO - ::group::Pre task execution logs
[2024-11-11T00:02:29.393+0000] {taskinstance.py:2076} INFO - Dependencies all met for dep_context=non-requeueable deps ti=<TaskInstance: BuildELT_dbt.dbt_run manual__2024-11-11T00:02:26.408322+00:00 [queued]>
[2024-11-11T00:02:29.397+0000] {taskinstance.py:2076} INFO - Dependencies all met for dep_context=requeueable deps ti=<TaskInstance: BuildELT_dbt.dbt_run manual__2024-11-11T00:02:26.408322+00:00 [queued]>
[2024-11-11T00:02:29.397+0000] {taskinstance.py:2306} INFO - Starting attempt 1 of 1
[2024-11-11T00:02:29.406+0000] {taskinstance.py:2330} INFO - Executing <Task(BashOperator): dbt_run> on 2024-11-11 00:02:26.408322+00:00
[2024-11-11T00:02:29.417+0000] {warnings.py:110} WARNING - /home/***/.local/lib/python3.12/site-packages/***/task/task_runner/standard_task_runner.py:61: DeprecationWarning: This process (pid=3002) is multi-threaded, use of fork() may lead to deadlocks in the child.
  pid = os.fork()

[2024-11-11T00:02:29.421+0000] {standard_task_runner.py:63} INFO - Started process 3006 to run task
[2024-11-11T00:02:29.419+0000] {standard_task_runner.py:90} INFO - Running: ['***', 'tasks', 'run', 'BuildELT_dbt', 'dbt_run', 'manual__2024-11-11T00:02:26.408322+00:00', '--job-id', '173', '--raw', '--subdir', 'DAGS_FOLDER/build_elt_with_dbt.py', '--cfg-path', '/tmp/tmpfxw5dkrh']
[2024-11-11T00:02:29.422+0000] {standard_task_runner.py:91} INFO - Job 173: Subtask dbt_run
[2024-11-11T00:02:29.470+0000] {task_command.py:426} INFO - Running <TaskInstance: BuildELT_dbt.dbt_run manual__2024-11-11T00:02:26.408322+00:00 [running]> on host 64c676815d01
[2024-11-11T00:02:29.524+0000] {taskinstance.py:2648} INFO - Exporting env vars: AIRFLOW_CTX_DAG_OWNER='***' AIRFLOW_CTX_DAG_ID='BuildELT_dbt' AIRFLOW_CTX_TASK_ID='dbt_run' AIRFLOW_CTX_EXECUTION_DATE='2024-11-11T00:02:26.408322+00:00' AIRFLOW_CTX_TRY_NUMBER='1' AIRFLOW_CTX_DAG_RUN_ID='manual__2024-11-11T00:02:26.408322+00:00'
[2024-11-11T00:02:29.528+0000] {taskinstance.py:430} INFO - ::endgroup::
[2024-11-11T00:02:29.529+0000] {subprocess.py:63} INFO - Tmp dir root location: /tmp
[2024-11-11T00:02:29.531+0000] {subprocess.py:75} INFO - Running command: ['/usr/bin/bash', '-c', '/Users/gayatripatil/Documents/***/sjsu-data226/build_lab2/dbt run --profiles-dir /Documents/***/sjsu-data226/build_lab2 --project-dir /Documents/***/sjsu-data226/build_lab2']
[2024-11-11T00:02:29.532+0000] {taskinstance.py:441} INFO - ::group::Post task execution logs
[2024-11-11T00:02:29.532+0000] {taskinstance.py:2905} ERROR - Task failed with exception
Traceback (most recent call last):
  File "/home/airflow/.local/lib/python3.12/site-packages/airflow/models/taskinstance.py", line 465, in _execute_task
    result = _execute_callable(context=context, **execute_callable_kwargs)
             ^^^^^^^^^^^^^^^^^^^^^^^^^^^^^^^^^^^^^^^^^^^^^^^^^^^^^^^^^^^^^
  File "/home/airflow/.local/lib/python3.12/site-packages/airflow/models/taskinstance.py", line 432, in _execute_callable
    return execute_callable(context=context, **execute_callable_kwargs)
           ^^^^^^^^^^^^^^^^^^^^^^^^^^^^^^^^^^^^^^^^^^^^^^^^^^^^^^^^^^^^
  File "/home/airflow/.local/lib/python3.12/site-packages/airflow/models/baseoperator.py", line 400, in wrapper
    return func(self, *args, **kwargs)
           ^^^^^^^^^^^^^^^^^^^^^^^^^^^
  File "/home/airflow/.local/lib/python3.12/site-packages/airflow/operators/bash.py", line 234, in execute
    result = self.subprocess_hook.run_command(
             ^^^^^^^^^^^^^^^^^^^^^^^^^^^^^^^^^
  File "/home/airflow/.local/lib/python3.12/site-packages/airflow/hooks/subprocess.py", line 77, in run_command
    self.sub_process = Popen(
                       ^^^^^^
  File "/usr/local/lib/python3.12/subprocess.py", line 1026, in __init__
    self._execute_child(args, executable, preexec_fn, close_fds,
  File "/usr/local/lib/python3.12/subprocess.py", line 1872, in _execute_child
    env_list.append(k + b'=' + os.fsencode(v))
                               ^^^^^^^^^^^^^^
  File "<frozen os>", line 818, in fsencode
TypeError: expected str, bytes or os.PathLike object, not NoneType
[2024-11-11T00:02:29.541+0000] {taskinstance.py:1206} INFO - Marking task as FAILED. dag_id=BuildELT_dbt, task_id=dbt_run, run_id=manual__2024-11-11T00:02:26.408322+00:00, execution_date=20241111T000226, start_date=20241111T000229, end_date=20241111T000229
[2024-11-11T00:02:29.547+0000] {standard_task_runner.py:110} ERROR - Failed to execute job 173 for task dbt_run (expected str, bytes or os.PathLike object, not NoneType; 3006)
[2024-11-11T00:02:29.562+0000] {local_task_job_runner.py:240} INFO - Task exited with return code 1
[2024-11-11T00:02:29.568+0000] {local_task_job_runner.py:222} INFO - ::endgroup::
