[2024-11-12T20:01:00.655+0000] {local_task_job_runner.py:120} INFO - ::group::Pre task execution logs
[2024-11-12T20:01:00.673+0000] {taskinstance.py:2076} INFO - Dependencies all met for dep_context=non-requeueable deps ti=<TaskInstance: BuildELT_dbt.dbt_run manual__2024-11-12T20:01:00.233677+00:00 [queued]>
[2024-11-12T20:01:00.678+0000] {taskinstance.py:2076} INFO - Dependencies all met for dep_context=requeueable deps ti=<TaskInstance: BuildELT_dbt.dbt_run manual__2024-11-12T20:01:00.233677+00:00 [queued]>
[2024-11-12T20:01:00.678+0000] {taskinstance.py:2306} INFO - Starting attempt 1 of 1
[2024-11-12T20:01:00.684+0000] {taskinstance.py:2330} INFO - Executing <Task(BashOperator): dbt_run> on 2024-11-12 20:01:00.233677+00:00
[2024-11-12T20:01:00.688+0000] {standard_task_runner.py:90} INFO - Running: ['***', 'tasks', 'run', 'BuildELT_dbt', 'dbt_run', 'manual__2024-11-12T20:01:00.233677+00:00', '--job-id', '290', '--raw', '--subdir', 'DAGS_FOLDER/build_elt_with_dbt.py', '--cfg-path', '/tmp/tmpshraent5']
[2024-11-12T20:01:00.694+0000] {standard_task_runner.py:91} INFO - Job 290: Subtask dbt_run
[2024-11-12T20:01:00.692+0000] {logging_mixin.py:188} WARNING - /home/***/.local/lib/python3.12/site-packages/***/task/task_runner/standard_task_runner.py:61 DeprecationWarning: This process (pid=1190) is multi-threaded, use of fork() may lead to deadlocks in the child.
[2024-11-12T20:01:00.696+0000] {standard_task_runner.py:63} INFO - Started process 1191 to run task
[2024-11-12T20:01:00.717+0000] {task_command.py:426} INFO - Running <TaskInstance: BuildELT_dbt.dbt_run manual__2024-11-12T20:01:00.233677+00:00 [running]> on host ff1b9c31ae4f
[2024-11-12T20:01:00.758+0000] {taskinstance.py:2648} INFO - Exporting env vars: AIRFLOW_CTX_DAG_OWNER='***' AIRFLOW_CTX_DAG_ID='BuildELT_dbt' AIRFLOW_CTX_TASK_ID='dbt_run' AIRFLOW_CTX_EXECUTION_DATE='2024-11-12T20:01:00.233677+00:00' AIRFLOW_CTX_TRY_NUMBER='1' AIRFLOW_CTX_DAG_RUN_ID='manual__2024-11-12T20:01:00.233677+00:00'
[2024-11-12T20:01:00.758+0000] {taskinstance.py:430} INFO - ::endgroup::
[2024-11-12T20:01:00.766+0000] {subprocess.py:63} INFO - Tmp dir root location: /tmp
[2024-11-12T20:01:00.767+0000] {subprocess.py:75} INFO - Running command: ['/usr/bin/bash', '-c', '/home/***/.local/bin/dbt run --profiles-dir /opt/***/lab --project-dir /opt/***/lab']
[2024-11-12T20:01:00.771+0000] {subprocess.py:86} INFO - Output:
[2024-11-12T20:01:01.777+0000] {subprocess.py:93} INFO - [0m20:01:01  Running with dbt=1.8.7
[2024-11-12T20:01:02.249+0000] {subprocess.py:93} INFO - [0m20:01:02  Registered adapter: snowflake=1.8.4
[2024-11-12T20:01:02.430+0000] {subprocess.py:93} INFO - [0m20:01:02  Encountered an error:
[2024-11-12T20:01:02.430+0000] {subprocess.py:93} INFO - Compilation Error
[2024-11-12T20:01:02.430+0000] {subprocess.py:93} INFO -   Snapshot 'snapshot.lab.snapshot_RSI_calculation' (snapshots/snapshot.RSI_calculation.sql) depends on a node named 'RSI_calculation' which was not found
[2024-11-12T20:01:03.037+0000] {subprocess.py:97} INFO - Command exited with return code 2
[2024-11-12T20:01:03.038+0000] {taskinstance.py:441} INFO - ::group::Post task execution logs
[2024-11-12T20:01:03.046+0000] {taskinstance.py:2905} ERROR - Task failed with exception
Traceback (most recent call last):
  File "/home/airflow/.local/lib/python3.12/site-packages/airflow/models/taskinstance.py", line 465, in _execute_task
    result = _execute_callable(context=context, **execute_callable_kwargs)
             ^^^^^^^^^^^^^^^^^^^^^^^^^^^^^^^^^^^^^^^^^^^^^^^^^^^^^^^^^^^^^
  File "/home/airflow/.local/lib/python3.12/site-packages/airflow/models/taskinstance.py", line 432, in _execute_callable
    return execute_callable(context=context, **execute_callable_kwargs)
           ^^^^^^^^^^^^^^^^^^^^^^^^^^^^^^^^^^^^^^^^^^^^^^^^^^^^^^^^^^^^
  File "/home/airflow/.local/lib/python3.12/site-packages/airflow/models/baseoperator.py", line 400, in wrapper
    return func(self, *args, **kwargs)
           ^^^^^^^^^^^^^^^^^^^^^^^^^^^
  File "/home/airflow/.local/lib/python3.12/site-packages/airflow/operators/bash.py", line 243, in execute
    raise AirflowException(
airflow.exceptions.AirflowException: Bash command failed. The command returned a non-zero exit code 2.
[2024-11-12T20:01:03.048+0000] {taskinstance.py:1206} INFO - Marking task as FAILED. dag_id=BuildELT_dbt, task_id=dbt_run, run_id=manual__2024-11-12T20:01:00.233677+00:00, execution_date=20241112T200100, start_date=20241112T200100, end_date=20241112T200103
[2024-11-12T20:01:03.054+0000] {standard_task_runner.py:110} ERROR - Failed to execute job 290 for task dbt_run (Bash command failed. The command returned a non-zero exit code 2.; 1191)
[2024-11-12T20:01:03.089+0000] {local_task_job_runner.py:240} INFO - Task exited with return code 1
[2024-11-12T20:01:03.100+0000] {taskinstance.py:3498} INFO - 0 downstream tasks scheduled from follow-on schedule check
[2024-11-12T20:01:03.102+0000] {local_task_job_runner.py:222} INFO - ::endgroup::
