[2024-10-24T22:53:15.026+0000] {local_task_job_runner.py:120} INFO - ::group::Pre task execution logs
[2024-10-24T22:53:15.036+0000] {taskinstance.py:2076} INFO - Dependencies all met for dep_context=non-requeueable deps ti=<TaskInstance: BuildELT_CTAS.run_ctas scheduled__2024-10-23T02:45:00+00:00 [queued]>
[2024-10-24T22:53:15.039+0000] {taskinstance.py:2076} INFO - Dependencies all met for dep_context=requeueable deps ti=<TaskInstance: BuildELT_CTAS.run_ctas scheduled__2024-10-23T02:45:00+00:00 [queued]>
[2024-10-24T22:53:15.039+0000] {taskinstance.py:2306} INFO - Starting attempt 1 of 1
[2024-10-24T22:53:15.044+0000] {taskinstance.py:2330} INFO - Executing <Task(_PythonDecoratedOperator): run_ctas> on 2024-10-23 02:45:00+00:00
[2024-10-24T22:53:15.048+0000] {warnings.py:110} WARNING - /home/***/.local/lib/python3.12/site-packages/***/task/task_runner/standard_task_runner.py:61: DeprecationWarning: This process (pid=424) is multi-threaded, use of fork() may lead to deadlocks in the child.
  pid = os.fork()

[2024-10-24T22:53:15.049+0000] {standard_task_runner.py:63} INFO - Started process 426 to run task
[2024-10-24T22:53:15.050+0000] {standard_task_runner.py:90} INFO - Running: ['***', 'tasks', 'run', 'BuildELT_CTAS', 'run_ctas', 'scheduled__2024-10-23T02:45:00+00:00', '--job-id', '74', '--raw', '--subdir', 'DAGS_FOLDER/build_elt_with_ctas.py', '--cfg-path', '/tmp/tmp6c3vt871']
[2024-10-24T22:53:15.050+0000] {standard_task_runner.py:91} INFO - Job 74: Subtask run_ctas
[2024-10-24T22:53:15.070+0000] {task_command.py:426} INFO - Running <TaskInstance: BuildELT_CTAS.run_ctas scheduled__2024-10-23T02:45:00+00:00 [running]> on host 64c676815d01
[2024-10-24T22:53:15.100+0000] {taskinstance.py:2648} INFO - Exporting env vars: AIRFLOW_CTX_DAG_OWNER='***' AIRFLOW_CTX_DAG_ID='BuildELT_CTAS' AIRFLOW_CTX_TASK_ID='run_ctas' AIRFLOW_CTX_EXECUTION_DATE='2024-10-23T02:45:00+00:00' AIRFLOW_CTX_TRY_NUMBER='1' AIRFLOW_CTX_DAG_RUN_ID='scheduled__2024-10-23T02:45:00+00:00'
[2024-10-24T22:53:15.100+0000] {taskinstance.py:430} INFO - ::endgroup::
[2024-10-24T22:53:15.101+0000] {build_elt_with_ctas.py:34} INFO - dev.analytics.session_summary
[2024-10-24T22:53:15.101+0000] {build_elt_with_ctas.py:35} INFO - SELECT u.*, s.ts
    FROM dev.raw_data.user_session_channel u
    JOIN dev.raw_data.session_timestamp s ON u.sessionId=s.sessionId
    
[2024-10-24T22:53:15.105+0000] {base.py:84} INFO - Using connection ID 'snowflake_conn' for task execution.
[2024-10-24T22:53:15.105+0000] {connection.py:399} INFO - Snowflake Connector for Python Version: 3.10.0, Python Version: 3.12.3, Platform: Linux-6.10.4-linuxkit-aarch64-with-glibc2.36
[2024-10-24T22:53:15.106+0000] {connection.py:1239} INFO - This connection is in OCSP Fail Open Mode. TLS Certificates would be checked for validity and revocation status. Any other Certificate Revocation related exceptions or OCSP Responder failures would be disregarded in favor of connectivity.
[2024-10-24T22:53:15.763+0000] {cursor.py:1149} INFO - Number of results in first chunk: 1
[2024-10-24T22:53:15.764+0000] {build_elt_with_ctas.py:42} INFO - CREATE OR REPLACE TABLE dev.analytics.session_summary AS SELECT u.*, s.ts
    FROM dev.raw_data.user_session_channel u
    JOIN dev.raw_data.session_timestamp s ON u.sessionId=s.sessionId
    
[2024-10-24T22:53:16.359+0000] {cursor.py:1149} INFO - Number of results in first chunk: 1
[2024-10-24T22:53:16.360+0000] {build_elt_with_ctas.py:59} ERROR - Failed to sql. Completed ROLLBACK!
[2024-10-24T22:53:16.360+0000] {taskinstance.py:441} INFO - ::group::Post task execution logs
[2024-10-24T22:53:16.361+0000] {taskinstance.py:2905} ERROR - Task failed with exception
Traceback (most recent call last):
  File "/home/airflow/.local/lib/python3.12/site-packages/airflow/models/taskinstance.py", line 465, in _execute_task
    result = _execute_callable(context=context, **execute_callable_kwargs)
             ^^^^^^^^^^^^^^^^^^^^^^^^^^^^^^^^^^^^^^^^^^^^^^^^^^^^^^^^^^^^^
  File "/home/airflow/.local/lib/python3.12/site-packages/airflow/models/taskinstance.py", line 432, in _execute_callable
    return execute_callable(context=context, **execute_callable_kwargs)
           ^^^^^^^^^^^^^^^^^^^^^^^^^^^^^^^^^^^^^^^^^^^^^^^^^^^^^^^^^^^^
  File "/home/airflow/.local/lib/python3.12/site-packages/airflow/models/baseoperator.py", line 400, in wrapper
    return func(self, *args, **kwargs)
           ^^^^^^^^^^^^^^^^^^^^^^^^^^^
  File "/home/airflow/.local/lib/python3.12/site-packages/airflow/decorators/base.py", line 265, in execute
    return_value = super().execute(context)
                   ^^^^^^^^^^^^^^^^^^^^^^^^
  File "/home/airflow/.local/lib/python3.12/site-packages/airflow/models/baseoperator.py", line 400, in wrapper
    return func(self, *args, **kwargs)
           ^^^^^^^^^^^^^^^^^^^^^^^^^^^
  File "/home/airflow/.local/lib/python3.12/site-packages/airflow/operators/python.py", line 235, in execute
    return_value = self.execute_callable()
                   ^^^^^^^^^^^^^^^^^^^^^^^
  File "/home/airflow/.local/lib/python3.12/site-packages/airflow/operators/python.py", line 252, in execute_callable
    return self.python_callable(*self.op_args, **self.op_kwargs)
           ^^^^^^^^^^^^^^^^^^^^^^^^^^^^^^^^^^^^^^^^^^^^^^^^^^^^^
  File "/opt/airflow/dags/build_elt_with_ctas.py", line 43, in run_ctas
    cur.execute(sql)
  File "/home/airflow/.local/lib/python3.12/site-packages/snowflake/connector/cursor.py", line 1080, in execute
    Error.errorhandler_wrapper(self.connection, self, error_class, errvalue)
  File "/home/airflow/.local/lib/python3.12/site-packages/snowflake/connector/errors.py", line 290, in errorhandler_wrapper
    handed_over = Error.hand_to_other_handler(
                  ^^^^^^^^^^^^^^^^^^^^^^^^^^^^
  File "/home/airflow/.local/lib/python3.12/site-packages/snowflake/connector/errors.py", line 345, in hand_to_other_handler
    cursor.errorhandler(connection, cursor, error_class, error_value)
  File "/home/airflow/.local/lib/python3.12/site-packages/snowflake/connector/errors.py", line 221, in default_errorhandler
    raise error_class(
snowflake.connector.errors.ProgrammingError: 002003 (02000): 01b7e9dd-0004-0da3-0001-8e6b000391c2: SQL compilation error:
Schema 'DEV.ANALYTICS' does not exist or not authorized.
[2024-10-24T22:53:16.375+0000] {taskinstance.py:1206} INFO - Marking task as FAILED. dag_id=BuildELT_CTAS, task_id=run_ctas, run_id=scheduled__2024-10-23T02:45:00+00:00, execution_date=20241023T024500, start_date=20241024T225315, end_date=20241024T225316
[2024-10-24T22:53:16.388+0000] {standard_task_runner.py:110} ERROR - Failed to execute job 74 for task run_ctas (002003 (02000): 01b7e9dd-0004-0da3-0001-8e6b000391c2: SQL compilation error:
Schema 'DEV.ANALYTICS' does not exist or not authorized.; 426)
[2024-10-24T22:53:16.421+0000] {local_task_job_runner.py:240} INFO - Task exited with return code 1
[2024-10-24T22:53:16.435+0000] {taskinstance.py:3498} INFO - 0 downstream tasks scheduled from follow-on schedule check
[2024-10-24T22:53:16.435+0000] {local_task_job_runner.py:222} INFO - ::endgroup::
