[2024-11-12T20:06:55.886+0000] {local_task_job_runner.py:120} INFO - ::group::Pre task execution logs
[2024-11-12T20:06:55.909+0000] {taskinstance.py:2076} INFO - Dependencies all met for dep_context=non-requeueable deps ti=<TaskInstance: BuildELT_dbt.dbt_run manual__2024-11-12T20:06:55.594109+00:00 [queued]>
[2024-11-12T20:06:55.913+0000] {taskinstance.py:2076} INFO - Dependencies all met for dep_context=requeueable deps ti=<TaskInstance: BuildELT_dbt.dbt_run manual__2024-11-12T20:06:55.594109+00:00 [queued]>
[2024-11-12T20:06:55.913+0000] {taskinstance.py:2306} INFO - Starting attempt 1 of 1
[2024-11-12T20:06:55.918+0000] {taskinstance.py:2330} INFO - Executing <Task(BashOperator): dbt_run> on 2024-11-12 20:06:55.594109+00:00
[2024-11-12T20:06:55.928+0000] {standard_task_runner.py:90} INFO - Running: ['***', 'tasks', 'run', 'BuildELT_dbt', 'dbt_run', 'manual__2024-11-12T20:06:55.594109+00:00', '--job-id', '292', '--raw', '--subdir', 'DAGS_FOLDER/build_elt_with_dbt.py', '--cfg-path', '/tmp/tmpc1vpx9o_']
[2024-11-12T20:06:55.930+0000] {standard_task_runner.py:91} INFO - Job 292: Subtask dbt_run
[2024-11-12T20:06:55.930+0000] {logging_mixin.py:188} WARNING - /home/***/.local/lib/python3.12/site-packages/***/task/task_runner/standard_task_runner.py:61 DeprecationWarning: This process (pid=1708) is multi-threaded, use of fork() may lead to deadlocks in the child.
[2024-11-12T20:06:55.932+0000] {standard_task_runner.py:63} INFO - Started process 1709 to run task
[2024-11-12T20:06:55.959+0000] {task_command.py:426} INFO - Running <TaskInstance: BuildELT_dbt.dbt_run manual__2024-11-12T20:06:55.594109+00:00 [running]> on host ff1b9c31ae4f
[2024-11-12T20:06:55.997+0000] {taskinstance.py:2648} INFO - Exporting env vars: AIRFLOW_CTX_DAG_OWNER='***' AIRFLOW_CTX_DAG_ID='BuildELT_dbt' AIRFLOW_CTX_TASK_ID='dbt_run' AIRFLOW_CTX_EXECUTION_DATE='2024-11-12T20:06:55.594109+00:00' AIRFLOW_CTX_TRY_NUMBER='1' AIRFLOW_CTX_DAG_RUN_ID='manual__2024-11-12T20:06:55.594109+00:00'
[2024-11-12T20:06:55.998+0000] {taskinstance.py:430} INFO - ::endgroup::
[2024-11-12T20:06:56.005+0000] {subprocess.py:63} INFO - Tmp dir root location: /tmp
[2024-11-12T20:06:56.005+0000] {subprocess.py:75} INFO - Running command: ['/usr/bin/bash', '-c', '/home/***/.local/bin/dbt run --profiles-dir /opt/***/lab --project-dir /opt/***/lab']
[2024-11-12T20:06:56.011+0000] {subprocess.py:86} INFO - Output:
[2024-11-12T20:06:56.994+0000] {subprocess.py:93} INFO - [0m20:06:56  Running with dbt=1.8.7
[2024-11-12T20:06:57.484+0000] {subprocess.py:93} INFO - [0m20:06:57  Registered adapter: snowflake=1.8.4
[2024-11-12T20:06:57.668+0000] {subprocess.py:93} INFO - [0m20:06:57  Encountered an error:
[2024-11-12T20:06:57.668+0000] {subprocess.py:93} INFO - Compilation Error
[2024-11-12T20:06:57.668+0000] {subprocess.py:93} INFO -   Snapshot 'snapshot.lab.snapshot_RSI_calculation' (snapshots/snapshot.RSI_calculation.sql) depends on a node named 'RSI_calculation' which was not found
[2024-11-12T20:06:58.317+0000] {subprocess.py:97} INFO - Command exited with return code 2
[2024-11-12T20:06:58.318+0000] {taskinstance.py:441} INFO - ::group::Post task execution logs
[2024-11-12T20:06:58.326+0000] {taskinstance.py:2905} ERROR - Task failed with exception
Traceback (most recent call last):
  File "/home/airflow/.local/lib/python3.12/site-packages/airflow/models/taskinstance.py", line 465, in _execute_task
    result = _execute_callable(context=context, **execute_callable_kwargs)
             ^^^^^^^^^^^^^^^^^^^^^^^^^^^^^^^^^^^^^^^^^^^^^^^^^^^^^^^^^^^^^
  File "/home/airflow/.local/lib/python3.12/site-packages/airflow/models/taskinstance.py", line 432, in _execute_callable
    return execute_callable(context=context, **execute_callable_kwargs)
           ^^^^^^^^^^^^^^^^^^^^^^^^^^^^^^^^^^^^^^^^^^^^^^^^^^^^^^^^^^^^
  File "/home/airflow/.local/lib/python3.12/site-packages/airflow/models/baseoperator.py", line 400, in wrapper
    return func(self, *args, **kwargs)
           ^^^^^^^^^^^^^^^^^^^^^^^^^^^
  File "/home/airflow/.local/lib/python3.12/site-packages/airflow/operators/bash.py", line 243, in execute
    raise AirflowException(
airflow.exceptions.AirflowException: Bash command failed. The command returned a non-zero exit code 2.
[2024-11-12T20:06:58.329+0000] {taskinstance.py:1206} INFO - Marking task as FAILED. dag_id=BuildELT_dbt, task_id=dbt_run, run_id=manual__2024-11-12T20:06:55.594109+00:00, execution_date=20241112T200655, start_date=20241112T200655, end_date=20241112T200658
[2024-11-12T20:06:58.335+0000] {standard_task_runner.py:110} ERROR - Failed to execute job 292 for task dbt_run (Bash command failed. The command returned a non-zero exit code 2.; 1709)
[2024-11-12T20:06:58.361+0000] {local_task_job_runner.py:240} INFO - Task exited with return code 1
[2024-11-12T20:06:58.378+0000] {taskinstance.py:3498} INFO - 0 downstream tasks scheduled from follow-on schedule check
[2024-11-12T20:06:58.380+0000] {local_task_job_runner.py:222} INFO - ::endgroup::
